d:\정의훈\144\framework\engine\default\x64\debug\vc140.pdb
d:\정의훈\144\framework\engine\default\x64\debug\vc140.idb
d:\정의훈\144\framework\engine\default\x64\debug\base.obj
d:\정의훈\144\framework\engine\default\x64\debug\gameinstance.obj
d:\정의훈\144\framework\engine\default\x64\debug\gameobject.obj
d:\정의훈\144\framework\engine\default\x64\debug\graphic_device.obj
d:\정의훈\144\framework\engine\default\x64\debug\layer.obj
d:\정의훈\144\framework\engine\default\x64\debug\level.obj
d:\정의훈\144\framework\engine\default\x64\debug\level_manager.obj
d:\정의훈\144\framework\engine\default\x64\debug\object_manager.obj
d:\정의훈\144\framework\engine\default\x64\debug\timer.obj
d:\정의훈\144\framework\engine\default\x64\debug\timer_manager.obj
d:\정의훈\144\framework\engine\default\x64\debug\renderer.obj
d:\정의훈\144\framework\engine\bin\engine.lib
d:\정의훈\144\framework\engine\bin\engine.exp
d:\정의훈\144\framework\engine\bin\engine.ilk
d:\정의훈\144\framework\engine\bin\engine.dll
d:\정의훈\144\framework\engine\bin\engine.pdb
d:\정의훈\144\framework\engine\default\../bin/engine.dll
d:\정의훈\144\framework\engine\default\x64\debug\engine.tlog\cl.command.1.tlog
d:\정의훈\144\framework\engine\default\x64\debug\engine.tlog\cl.read.1.tlog
d:\정의훈\144\framework\engine\default\x64\debug\engine.tlog\cl.write.1.tlog
d:\정의훈\144\framework\engine\default\x64\debug\engine.tlog\engine.write.1u.tlog
d:\정의훈\144\framework\engine\default\x64\debug\engine.tlog\link.command.1.tlog
d:\정의훈\144\framework\engine\default\x64\debug\engine.tlog\link.read.1.tlog
d:\정의훈\144\framework\engine\default\x64\debug\engine.tlog\link.write.1.tlog
